20.11.2018 13:32:09     False
20.11.2018 13:32:10     False
20.11.2018 13:32:11     False
20.11.2018 13:32:12     False
20.11.2018 13:32:13     False
20.11.2018 13:32:14     False
20.11.2018 13:32:15     False
20.11.2018 13:32:16     False
20.11.2018 13:32:17     False
20.11.2018 13:32:18     False
20.11.2018 13:32:19     False
20.11.2018 13:32:20     False
20.11.2018 13:32:21     False
20.11.2018 13:32:22     False
20.11.2018 13:32:23     False
20.11.2018 13:32:24     False
20.11.2018 13:32:25     False
20.11.2018 13:32:26     False
20.11.2018 13:32:27     False
20.11.2018 13:32:28     False
20.11.2018 13:32:29     False
20.11.2018 13:32:30     False
20.11.2018 13:32:31     False
20.11.2018 13:32:46     False
20.11.2018 13:32:47     False
20.11.2018 13:32:48     False
20.11.2018 13:32:49     False
20.11.2018 13:32:50     False
20.11.2018 13:34:31     False
20.11.2018 13:34:32     False
20.11.2018 13:40:30     False
20.11.2018 13:40:31     False
20.11.2018 13:40:32     False
20.11.2018 13:40:33     False
20.11.2018 13:40:34     False
20.11.2018 13:40:35     False
20.11.2018 13:40:36     False
20.11.2018 13:40:37     False
20.11.2018 13:40:38     False
20.11.2018 13:40:39     False
20.11.2018 13:40:40     False
20.11.2018 13:40:51     False
20.11.2018 13:40:52     False
20.11.2018 13:40:53     False
20.11.2018 13:40:54     False
20.11.2018 13:40:55     False
20.11.2018 13:40:56     False
20.11.2018 13:40:57     False
20.11.2018 13:40:58     False
20.11.2018 13:40:59     False
20.11.2018 13:41:00     False
20.11.2018 13:41:01     False
20.11.2018 13:41:02     False
20.11.2018 13:41:03     False
20.11.2018 13:41:04     False
20.11.2018 13:41:05     True
20.11.2018 13:41:06     True
20.11.2018 13:41:07     True
20.11.2018 13:41:08     True
20.11.2018 13:41:09     True
20.11.2018 13:41:10     True
20.11.2018 13:41:11     True
20.11.2018 13:41:12     True
20.11.2018 13:41:13     True
20.11.2018 13:41:14     True
20.11.2018 13:41:15     True
20.11.2018 13:41:16     True
20.11.2018 13:41:17     True
20.11.2018 13:41:18     True
20.11.2018 13:41:19     True
20.11.2018 13:41:20     True
20.11.2018 13:41:21     True
20.11.2018 13:41:22     True
20.11.2018 13:41:23     True
20.11.2018 13:41:24     True
20.11.2018 13:41:25     True
20.11.2018 13:41:26     True
20.11.2018 13:41:27     True
20.11.2018 13:41:28     True
20.11.2018 13:41:29     True
20.11.2018 13:41:30     True
20.11.2018 13:41:31     True
20.11.2018 13:41:32     True
20.11.2018 13:41:33     True
20.11.2018 13:41:34     True
20.11.2018 13:41:37     True
20.11.2018 13:41:38     True
20.11.2018 13:41:39     True
20.11.2018 13:41:40     True
20.11.2018 13:41:41     True
20.11.2018 13:41:42     True
20.11.2018 13:41:43     True
20.11.2018 13:41:44     True
20.11.2018 13:41:45     True
20.11.2018 13:41:46     True
20.11.2018 13:41:47     True
20.11.2018 13:41:48     True
20.11.2018 13:41:49     True
20.11.2018 13:41:50     True
20.11.2018 13:41:51     True
20.11.2018 13:41:52     True
20.11.2018 13:55:01 = True
20.11.2018 13:55:02 = True
20.11.2018 13:55:03 = True
20.11.2018 13:55:04 = True
20.11.2018 13:55:05 = True
20.11.2018 13:55:06 = True
20.11.2018 13:55:07 = True
20.11.2018 13:55:08 = True
20.11.2018 13:55:09 = True
20.11.2018 13:55:10 = True
20.11.2018 13:55:11 = True
20.11.2018 13:55:12 = True
20.11.2018 13:55:13 = True
20.11.2018 13:55:14 = True
20.11.2018 13:55:15 = True
20.11.2018 13:55:16 = True
20.11.2018 13:55:17 = True
20.11.2018 13:55:18 = True
20.11.2018 13:55:19 = True
20.11.2018 13:55:20 = True
20.11.2018 13:55:21 = True
20.11.2018 13:55:22 = True
20.11.2018 13:55:23 = True
20.11.2018 13:55:24 = True
20.11.2018 13:55:25 = True
20.11.2018 13:55:26 = True
20.11.2018 13:55:27 = True
20.11.2018 13:55:28 = True
20.11.2018 13:55:29 = True
20.11.2018 13:55:30 = True
20.11.2018 13:55:31 = True
20.11.2018 13:55:32 = True
20.11.2018 13:55:33 = True
20.11.2018 13:55:34 = True
20.11.2018 13:55:35 = True
20.11.2018 13:55:36 = True
20.11.2018 13:55:37 = True
20.11.2018 13:55:38 = True
20.11.2018 13:55:39 = True
20.11.2018 13:55:40 = True
20.11.2018 13:55:41 = True
20.11.2018 13:55:42 = True
20.11.2018 13:55:43 = True
20.11.2018 13:55:44 = True
20.11.2018 13:55:45 = True
20.11.2018 13:55:46 = True
20.11.2018 13:55:47 = True
20.11.2018 13:55:48 = True
20.11.2018 13:55:49 = True
20.11.2018 13:55:50 = True
20.11.2018 13:55:51 = True
20.11.2018 13:55:52 = True
20.11.2018 13:55:53 = True
20.11.2018 13:55:54 = True
20.11.2018 13:55:56 = True
20.11.2018 13:55:57 = True
20.11.2018 13:55:58 = True
20.11.2018 13:55:59 = True
20.11.2018 13:56:00 = True
20.11.2018 13:56:01 = True
20.11.2018 13:56:02 = True
20.11.2018 13:56:03 = True
20.11.2018 13:56:04 = True
20.11.2018 13:56:05 = True
20.11.2018 13:56:06 = True
20.11.2018 13:56:07 = True
20.11.2018 13:56:08 = True
20.11.2018 13:56:09 = True
20.11.2018 13:56:10 = True
20.11.2018 13:56:11 = True
20.11.2018 13:56:12 = True
20.11.2018 13:56:13 = True
20.11.2018 13:56:14 = True
20.11.2018 13:56:15 = True
20.11.2018 13:56:16 = True
20.11.2018 13:56:17 = True
20.11.2018 13:56:18 = True
20.11.2018 13:56:19 = True
20.11.2018 13:56:20 = True
20.11.2018 13:56:21 = False
20.11.2018 13:56:22 = False
20.11.2018 13:56:23 = False
20.11.2018 13:56:24 = False
20.11.2018 13:56:25 = False
20.11.2018 13:56:26 = False
20.11.2018 13:56:27 = False
20.11.2018 13:56:28 = False
20.11.2018 14:00:33 = True
20.11.2018 14:00:34 = True
20.11.2018 14:00:35 = True
20.11.2018 14:00:36 = True
20.11.2018 14:00:37 = True
20.11.2018 14:00:38 = True
20.11.2018 14:00:39 = True
20.11.2018 14:00:40 = True
20.11.2018 14:00:41 = True
20.11.2018 14:00:42 = True
20.11.2018 14:00:43 = True
20.11.2018 14:00:44 = True
20.11.2018 14:00:45 = True
20.11.2018 14:00:46 = True
20.11.2018 14:00:47 = True
20.11.2018 14:00:48 = True
20.11.2018 14:00:49 = True
20.11.2018 14:00:50 = True
20.11.2018 14:00:51 = True
20.11.2018 14:00:52 = True
20.11.2018 14:00:53 = True
20.11.2018 14:00:54 = True
20.11.2018 14:00:55 = False
20.11.2018 14:01:26 = True
20.11.2018 14:01:27 = True
20.11.2018 14:01:28 = True
20.11.2018 14:01:29 = True
20.11.2018 14:01:30 = True
20.11.2018 14:01:31 = True
20.11.2018 14:01:32 = True
20.11.2018 14:01:33 = True
20.11.2018 14:01:34 = True
20.11.2018 14:01:35 = True
20.11.2018 14:01:36 = True
20.11.2018 14:01:37 = True
20.11.2018 14:01:38 = True
11/20/2018 9:34:43 PM = True
11/20/2018 9:34:44 PM = True
11/20/2018 9:34:45 PM = True
11/20/2018 9:34:46 PM = True
11/20/2018 9:34:47 PM = True
11/20/2018 9:34:48 PM = True
11/20/2018 9:34:49 PM = True
11/20/2018 9:34:50 PM = True
11/20/2018 9:34:51 PM = True
11/20/2018 9:36:47 PM = True
11/20/2018 9:36:48 PM = True
11/20/2018 9:36:49 PM = True
11/20/2018 9:36:50 PM = True
11/20/2018 9:36:51 PM = True
11/20/2018 9:36:52 PM = True
11/20/2018 9:36:53 PM = True
11/20/2018 9:36:54 PM = True
11/20/2018 9:36:55 PM = True
11/20/2018 9:36:56 PM = True
11/20/2018 9:36:57 PM = True
11/20/2018 9:36:58 PM = True
11/20/2018 9:36:59 PM = True
11/20/2018 9:37:00 PM = True
11/20/2018 9:37:01 PM = True
11/20/2018 9:37:02 PM = True
11/20/2018 9:37:03 PM = True
11/20/2018 9:37:04 PM = True
11/20/2018 9:37:05 PM = False
11/20/2018 9:37:05 PM = Wait start server...
